<?xml version="1.0" encoding="UTF-8"?>
<!-- Generated by org.testng.reporters.JUnitReportReporter -->
<testsuite hostname="LENOVO" failures="0" tests="1" name="tests.ProductTest" time="9.564" errors="0" timestamp="2025-02-24T11:22:51 IST" skipped="0">
  <testcase classname="tests.ProductTest" name="testAddToCart" time="9.564"/>
</testsuite> <!-- tests.ProductTest -->
