<?xml version="1.0" encoding="UTF-8"?>
<!-- Generated by org.testng.reporters.JUnitReportReporter -->
<testsuite hostname="LENOVO" failures="0" tests="1" name="tests.LogoutTest" time="9.089" errors="0" timestamp="2025-02-26T10:29:57 IST" skipped="0">
  <testcase classname="tests.LogoutTest" name="testLogoutFunctionality" time="9.089"/>
</testsuite> <!-- tests.LogoutTest -->
