<?xml version="1.0" encoding="UTF-8"?>
<!-- Generated by org.testng.reporters.JUnitReportReporter -->
<testsuite hostname="LENOVO" failures="0" tests="2" name="tests.LoginTest" time="100.177" errors="0" timestamp="2025-02-20T10:34:31 IST" skipped="0">
  <testcase classname="tests.LoginTest" name="loginValidCredentials" time="8.073"/>
  <testcase classname="tests.LoginTest" name="loginInvalidCredentials" time="92.104"/>
</testsuite> <!-- tests.LoginTest -->
