<?xml version="1.0" encoding="UTF-8"?>
<!-- Generated by org.testng.reporters.JUnitReportReporter -->
<testsuite hostname="LENOVO" failures="0" tests="1" name="tests.CartRetentionTest" time="9.905" errors="0" timestamp="2025-02-28T10:57:21 IST" skipped="0">
  <testcase classname="tests.CartRetentionTest" name="testCartRetentionAfterRefresh" time="9.905"/>
</testsuite> <!-- tests.CartRetentionTest -->
