<?xml version="1.0" encoding="UTF-8"?>
<!-- Generated by org.testng.reporters.JUnitReportReporter -->
<testsuite hostname="LENOVO" failures="0" tests="1" name="tests.FilterTest" time="11.248" errors="0" timestamp="2025-03-04T10:26:30 IST" skipped="0">
  <testcase classname="tests.FilterTest" name="testingFilterBypriceLowToHigh" time="11.248"/>
</testsuite> <!-- tests.FilterTest -->
