<?xml version="1.0" encoding="UTF-8"?>
<!-- Generated by org.testng.reporters.JUnitReportReporter -->
<testsuite hostname="LENOVO" failures="0" tests="4" name="tests.UserRolesTest" time="42.344" errors="0" timestamp="2025-02-25T11:47:39 IST" skipped="0">
  <testcase classname="tests.UserRolesTest" name="testDifferentUserRoles" time="12.939"/>
  <testcase classname="tests.UserRolesTest" name="testDifferentUserRoles" time="7.847"/>
  <testcase classname="tests.UserRolesTest" name="testDifferentUserRoles" time="8.339"/>
  <testcase classname="tests.UserRolesTest" name="testDifferentUserRoles" time="13.219"/>
</testsuite> <!-- tests.UserRolesTest -->
