<?xml version="1.0" encoding="UTF-8"?>
<!-- Generated by org.testng.reporters.JUnitReportReporter -->
<testsuite hostname="LENOVO" failures="0" tests="1" name="tests.AddToCartTest" time="10.385" errors="0" timestamp="2025-02-25T10:26:06 IST" skipped="0">
  <testcase classname="tests.AddToCartTest" name="testAddToCart" time="10.385"/>
</testsuite> <!-- tests.AddToCartTest -->
