<?xml version="1.0" encoding="UTF-8"?>
<!-- Generated by org.testng.reporters.JUnitReportReporter -->
<testsuite hostname="LENOVO" failures="0" tests="1" name="tests.ProductDetailsTest" time="8.306" errors="0" timestamp="2025-02-26T11:17:16 IST" skipped="0">
  <testcase classname="tests.ProductDetailsTest" name="testingProductDetails" time="8.306"/>
</testsuite> <!-- tests.ProductDetailsTest -->
