<?xml version="1.0" encoding="UTF-8"?>
<!-- Generated by org.testng.reporters.JUnitReportReporter -->
<testsuite hostname="LENOVO" failures="0" tests="1" name="tests.SortTest" time="8.699" errors="0" timestamp="2025-02-25T10:45:32 IST" skipped="0">
  <testcase classname="tests.SortTest" name="testSortByPriceLowToHigh" time="8.699"/>
</testsuite> <!-- tests.SortTest -->
