<?xml version="1.0" encoding="UTF-8"?>
<!-- Generated by org.testng.reporters.JUnitReportReporter -->
<testsuite hostname="LENOVO" failures="0" tests="1" name="tests.CheckoutTest" time="9.165" errors="0" timestamp="2025-02-25T10:27:36 IST" skipped="0">
  <testcase classname="tests.CheckoutTest" name="checkoutProcess" time="9.165"/>
</testsuite> <!-- tests.CheckoutTest -->
